2026-04-28 20:58:16,759 INFO o.a.j.u.JMeterUtils: Setting Locale to en_EN
2026-04-28 20:58:16,794 INFO o.a.j.JMeter: Loading user properties from: user.properties
2026-04-28 20:58:16,798 INFO o.a.j.JMeter: Loading system properties from: system.properties
2026-04-28 20:58:16,804 INFO o.a.j.JMeter: Copyright (c) 1998-2024 The Apache Software Foundation
2026-04-28 20:58:16,804 INFO o.a.j.JMeter: Version 5.6.3
2026-04-28 20:58:16,804 INFO o.a.j.JMeter: java.version=21.0.6
2026-04-28 20:58:16,804 INFO o.a.j.JMeter: java.vm.name=Java HotSpot(TM) 64-Bit Server VM
2026-04-28 20:58:16,804 INFO o.a.j.JMeter: os.name=Windows 11
2026-04-28 20:58:16,804 INFO o.a.j.JMeter: os.arch=amd64
2026-04-28 20:58:16,804 INFO o.a.j.JMeter: os.version=10.0
2026-04-28 20:58:16,804 INFO o.a.j.JMeter: file.encoding=UTF-8
2026-04-28 20:58:16,804 INFO o.a.j.JMeter: java.awt.headless=true
2026-04-28 20:58:16,804 INFO o.a.j.JMeter: Max memory     =1073741824
2026-04-28 20:58:16,804 INFO o.a.j.JMeter: Available Processors =22
2026-04-28 20:58:16,813 INFO o.a.j.JMeter: Default Locale=English (EN)
2026-04-28 20:58:16,813 INFO o.a.j.JMeter: JMeter  Locale=English (EN)
2026-04-28 20:58:16,813 INFO o.a.j.JMeter: JMeterHome=C:\Users\anyaa\Downloads\apache-jmeter-5.6.3\apache-jmeter-5.6.3
2026-04-28 20:58:16,813 INFO o.a.j.JMeter: user.dir  =C:\Users\anyaa\Downloads\apache-jmeter-5.6.3\apache-jmeter-5.6.3\bin
2026-04-28 20:58:16,813 INFO o.a.j.JMeter: PWD       =C:\Users\anyaa\Downloads\apache-jmeter-5.6.3\apache-jmeter-5.6.3\bin
2026-04-28 20:58:16,819 INFO o.a.j.JMeter: IP: 192.168.0.38 Name: Anya-Yoga-7 FullName: Anya-Yoga-7
2026-04-28 20:58:16,829 INFO o.a.j.s.FileServer: Default base='C:\Users\anyaa\Downloads\apache-jmeter-5.6.3\apache-jmeter-5.6.3\bin'
2026-04-28 20:58:16,831 INFO o.a.j.s.FileServer: Set new base='C:\Users\anyaa\Downloads\apache-jmeter-5.6.3\apache-jmeter-5.6.3\bin'
2026-04-28 20:58:17,099 INFO o.a.j.s.SaveService: Testplan (JMX) version: 2.2. Testlog (JTL) version: 2.2
2026-04-28 20:58:17,133 INFO o.a.j.s.SaveService: Using SaveService properties version 5.0
2026-04-28 20:58:17,138 INFO o.a.j.s.SaveService: Using SaveService properties file encoding UTF-8
2026-04-28 20:58:17,141 INFO o.a.j.s.SaveService: Loading file: test_plan_3.jmx
2026-04-28 20:58:17,185 INFO o.a.j.p.h.s.HTTPSamplerBase: Parser for text/html is org.apache.jmeter.protocol.http.parser.LagartoBasedHtmlParser
2026-04-28 20:58:17,185 INFO o.a.j.p.h.s.HTTPSamplerBase: Parser for application/xhtml+xml is org.apache.jmeter.protocol.http.parser.LagartoBasedHtmlParser
2026-04-28 20:58:17,185 INFO o.a.j.p.h.s.HTTPSamplerBase: Parser for application/xml is org.apache.jmeter.protocol.http.parser.LagartoBasedHtmlParser
2026-04-28 20:58:17,185 INFO o.a.j.p.h.s.HTTPSamplerBase: Parser for text/xml is org.apache.jmeter.protocol.http.parser.LagartoBasedHtmlParser
2026-04-28 20:58:17,185 INFO o.a.j.p.h.s.HTTPSamplerBase: Parser for text/vnd.wap.wml is org.apache.jmeter.protocol.http.parser.RegexpHTMLParser
2026-04-28 20:58:17,185 INFO o.a.j.p.h.s.HTTPSamplerBase: Parser for text/css is org.apache.jmeter.protocol.http.parser.CssParser
2026-04-28 20:58:17,216 INFO o.a.j.JMeter: Creating summariser <summary>
2026-04-28 20:58:17,234 INFO o.a.j.e.StandardJMeterEngine: Running the test!
2026-04-28 20:58:17,234 INFO o.a.j.s.SampleEvent: List of sample_variables: []
2026-04-28 20:58:17,234 INFO o.a.j.s.SampleEvent: List of sample_variables: []
2026-04-28 20:58:17,239 INFO o.a.j.e.u.CompoundVariable: Note: Function class names must contain the string: '.functions.'
2026-04-28 20:58:17,239 INFO o.a.j.e.u.CompoundVariable: Note: Function class names must not contain the string: '.gui.'
2026-04-28 20:58:17,320 INFO o.a.j.JMeter: Running test (1777384697320)
2026-04-28 20:58:17,342 INFO o.a.j.e.StandardJMeterEngine: Starting ThreadGroup: 1 : Thread Group
2026-04-28 20:58:17,342 INFO o.a.j.e.StandardJMeterEngine: Starting 10 threads for group Thread Group.
2026-04-28 20:58:17,342 INFO o.a.j.e.StandardJMeterEngine: Thread will continue on error
2026-04-28 20:58:17,342 INFO o.a.j.t.ThreadGroup: Starting thread group... number=1 threads=10 ramp-up=1 delayedStart=false
2026-04-28 20:58:17,349 INFO o.a.j.t.JMeterThread: Thread started: Thread Group 1-1
2026-04-28 20:58:17,357 INFO o.a.j.t.ThreadGroup: Started thread group number 1
2026-04-28 20:58:17,358 INFO o.a.j.e.StandardJMeterEngine: All thread groups have been started
2026-04-28 20:58:17,367 INFO o.a.j.p.h.s.HTTPHCAbstractImpl: Local host = Anya-Yoga-7
2026-04-28 20:58:17,372 INFO o.a.j.p.h.s.HTTPHC4Impl: HTTP request retry count = 0
2026-04-28 20:58:17,373 INFO o.a.j.s.SampleResult: Note: Sample TimeStamps are START times
2026-04-28 20:58:17,373 INFO o.a.j.s.SampleResult: sampleresult.default.encoding is set to UTF-8
2026-04-28 20:58:17,373 INFO o.a.j.s.SampleResult: sampleresult.useNanoTime=true
2026-04-28 20:58:17,373 INFO o.a.j.s.SampleResult: sampleresult.nanoThreadSleep=5000
2026-04-28 20:58:17,449 INFO o.a.j.t.JMeterThread: Thread started: Thread Group 1-2
2026-04-28 20:58:17,547 INFO o.a.j.t.JMeterThread: Thread started: Thread Group 1-3
2026-04-28 20:58:17,591 INFO o.a.j.t.JMeterThread: Thread is done: Thread Group 1-2
2026-04-28 20:58:17,591 INFO o.a.j.t.JMeterThread: Thread is done: Thread Group 1-1
2026-04-28 20:58:17,592 INFO o.a.j.t.JMeterThread: Thread finished: Thread Group 1-2
2026-04-28 20:58:17,592 INFO o.a.j.t.JMeterThread: Thread finished: Thread Group 1-1
2026-04-28 20:58:17,646 INFO o.a.j.t.JMeterThread: Thread started: Thread Group 1-4
2026-04-28 20:58:17,661 INFO o.a.j.t.JMeterThread: Thread is done: Thread Group 1-3
2026-04-28 20:58:17,661 INFO o.a.j.t.JMeterThread: Thread finished: Thread Group 1-3
2026-04-28 20:58:17,704 INFO o.a.j.t.JMeterThread: Thread is done: Thread Group 1-4
2026-04-28 20:58:17,704 INFO o.a.j.t.JMeterThread: Thread finished: Thread Group 1-4
2026-04-28 20:58:17,747 INFO o.a.j.t.JMeterThread: Thread started: Thread Group 1-5
2026-04-28 20:58:17,789 INFO o.a.j.t.JMeterThread: Thread is done: Thread Group 1-5
2026-04-28 20:58:17,789 INFO o.a.j.t.JMeterThread: Thread finished: Thread Group 1-5
2026-04-28 20:58:17,847 INFO o.a.j.t.JMeterThread: Thread started: Thread Group 1-6
2026-04-28 20:58:17,943 INFO o.a.j.t.JMeterThread: Thread is done: Thread Group 1-6
2026-04-28 20:58:17,944 INFO o.a.j.t.JMeterThread: Thread finished: Thread Group 1-6
2026-04-28 20:58:17,950 INFO o.a.j.t.JMeterThread: Thread started: Thread Group 1-7
2026-04-28 20:58:18,045 INFO o.a.j.t.JMeterThread: Thread started: Thread Group 1-8
2026-04-28 20:58:18,055 INFO o.a.j.t.JMeterThread: Thread is done: Thread Group 1-7
2026-04-28 20:58:18,055 INFO o.a.j.t.JMeterThread: Thread finished: Thread Group 1-7
2026-04-28 20:58:18,132 INFO o.a.j.t.JMeterThread: Thread is done: Thread Group 1-8
2026-04-28 20:58:18,133 INFO o.a.j.t.JMeterThread: Thread finished: Thread Group 1-8
2026-04-28 20:58:18,145 INFO o.a.j.t.JMeterThread: Thread started: Thread Group 1-9
2026-04-28 20:58:18,191 INFO o.a.j.t.JMeterThread: Thread is done: Thread Group 1-9
2026-04-28 20:58:18,191 INFO o.a.j.t.JMeterThread: Thread finished: Thread Group 1-9
2026-04-28 20:58:18,246 INFO o.a.j.t.JMeterThread: Thread started: Thread Group 1-10
2026-04-28 20:58:18,302 INFO o.a.j.t.JMeterThread: Thread is done: Thread Group 1-10
2026-04-28 20:58:18,302 INFO o.a.j.t.JMeterThread: Thread finished: Thread Group 1-10
2026-04-28 20:58:18,304 INFO o.a.j.e.StandardJMeterEngine: Notifying test listeners of end of test
2026-04-28 20:58:18,306 INFO o.a.j.r.Summariser: summary =     10 in 00:00:01 =   10.2/s Avg:    83 Min:    40 Max:   122 Err:     0 (0.00%)
